<?xml version="1.0" encoding="UTF-8"?>
<testsuite xmlns:xsi="http://www.w3.org/2001/XMLSchema-instance" xsi:noNamespaceSchemaLocation="https://maven.apache.org/surefire/maven-surefire-plugin/xsd/surefire-test-report-3.0.xsd" version="3.0" name="com.bookingmx.reservations.service.ReservationServiceTest" time="0.044" tests="11" errors="0" skipped="0" failures="0">
  <properties>
[...]
</properties>
  <testcase name="update_canceledReservation_throwsBadRequest" classname="com.bookingmx.reservations.service.ReservationServiceTest" time="0.02"/>
  <testcase name="list_afterCreates_returnsAll" classname="com.bookingmx.reservations.service.ReservationServiceTest" time="0.002"/>
  <testcase name="cancel_success_setsStatusCanceled" classname="com.bookingmx.reservations.service.ReservationServiceTest" time="0.001"/>
  <testcase name="create_rejectsCheckoutNotAfterCheckin" classname="com.bookingmx.reservations.service.ReservationServiceTest" time="0.003"/>
  <testcase name="cancel_nonExistentId_throwsNotFound" classname="com.bookingmx.reservations.service.ReservationServiceTest" time="0.002"/>
  <testcase name="update_nonExistentId_throwsNotFound" classname="com.bookingmx.reservations.service.ReservationServiceTest" time="0.001"/>
  <testcase name="create_success_persistsAndReturnsActive" classname="com.bookingmx.reservations.service.ReservationServiceTest" time="0.001"/>
  <testcase name="update_success_updatesFields" classname="com.bookingmx.reservations.service.ReservationServiceTest" time="0.001"/>
  <testcase name="list_initiallyEmpty" classname="com.bookingmx.reservations.service.ReservationServiceTest" time="0.001"/>
  <testcase name="create_rejectsPastCheckin" classname="com.bookingmx.reservations.service.ReservationServiceTest" time="0.001"/>
  <testcase name="create_rejectsNullDates" classname="com.bookingmx.reservations.service.ReservationServiceTest" time="0.001"/>
</testsuite>