TN:
SF:js\graph.js
FN:5,(anonymous_0)
FN:9,(anonymous_1)
FN:14,(anonymous_2)
FN:21,(anonymous_3)
FN:28,validateGraphData
FN:41,buildGraph
FN:49,getNearbyCities
FN:54,(anonymous_7)
FN:55,(anonymous_8)
FN:56,(anonymous_9)
FNF:10
FNH:10
FNDA:5,(anonymous_0)
FNDA:16,(anonymous_1)
FNDA:13,(anonymous_2)
FNDA:8,(anonymous_3)
FNDA:9,validateGraphData
FNDA:2,buildGraph
FNDA:6,getNearbyCities
FNDA:12,(anonymous_7)
FNDA:11,(anonymous_8)
FNDA:10,(anonymous_9)
DA:6,5
DA:10,16
DA:11,14
DA:15,13
DA:16,11
DA:17,9
DA:18,9
DA:22,8
DA:23,7
DA:29,9
DA:30,7
DA:31,7
DA:32,15
DA:33,4
DA:34,9
DA:35,9
DA:36,8
DA:38,1
DA:42,2
DA:43,10
DA:44,8
DA:45,2
DA:50,6
DA:51,5
DA:52,3
DA:53,3
DA:54,12
DA:55,11
DA:56,10
DA:60,1
LF:30
LH:30
BRDA:10,0,0,2
BRDA:10,0,1,14
BRDA:10,1,0,16
BRDA:10,1,1,14
BRDA:11,2,0,14
BRDA:11,2,1,0
BRDA:15,3,0,2
BRDA:15,3,1,11
BRDA:15,4,0,13
BRDA:15,4,1,12
BRDA:16,5,0,2
BRDA:16,5,1,9
BRDA:16,6,0,11
BRDA:16,6,1,10
BRDA:22,7,0,1
BRDA:22,7,1,7
BRDA:29,8,0,2
BRDA:29,8,1,7
BRDA:29,9,0,9
BRDA:29,9,1,8
BRDA:31,10,0,1
BRDA:31,10,1,6
BRDA:32,11,0,2
BRDA:32,11,1,13
BRDA:32,12,0,15
BRDA:32,12,1,14
BRDA:34,13,0,9
BRDA:34,13,1,0
BRDA:35,14,0,1
BRDA:35,14,1,8
BRDA:35,15,0,9
BRDA:35,15,1,9
BRDA:36,16,0,2
BRDA:36,16,1,6
BRDA:36,17,0,8
BRDA:36,17,1,7
BRDA:49,18,0,1
BRDA:50,19,0,1
BRDA:50,19,1,5
BRDA:51,20,0,2
BRDA:51,20,1,3
BRDA:51,21,0,5
BRDA:51,21,1,4
BRF:43
BRH:41
end_of_record
